Daily activity on Fri Sep 19 12:50:06 UTC 2025
Daily activity on Sat Sep 20 06:14:19 UTC 2025
Daily activity on Sun Sep 21 06:14:31 UTC 2025
Daily activity on Mon Sep 22 06:17:06 UTC 2025
Daily activity on Tue Sep 23 06:16:26 UTC 2025
Daily activity on Wed Sep 24 06:16:13 UTC 2025
Daily activity on Thu Sep 25 06:16:32 UTC 2025
Daily activity on Fri Sep 26 06:15:47 UTC 2025
Daily activity on Sat Sep 27 06:13:43 UTC 2025
Daily activity on Sun Sep 28 06:14:28 UTC 2025
Daily activity on Mon Sep 29 06:18:01 UTC 2025
Daily activity on Tue Sep 30 06:16:39 UTC 2025
Daily activity on Wed Oct  1 06:16:08 UTC 2025
Daily activity on Thu Oct  2 06:15:36 UTC 2025
Daily activity on Fri Oct  3 06:15:22 UTC 2025
Daily activity on Sat Oct  4 06:13:51 UTC 2025
Daily activity on Sun Oct  5 06:13:52 UTC 2025
Daily activity on Mon Oct  6 06:16:52 UTC 2025
Daily activity on Tue Oct  7 06:15:53 UTC 2025
Daily activity on Wed Oct  8 06:16:13 UTC 2025
Daily activity on Thu Oct  9 06:16:30 UTC 2025
Daily activity on Fri Oct 10 06:16:17 UTC 2025
Daily activity on Sat Oct 11 06:13:54 UTC 2025
Daily activity on Sun Oct 12 06:14:01 UTC 2025
Daily activity on Mon Oct 13 06:17:46 UTC 2025
Daily activity on Tue Oct 14 06:16:58 UTC 2025
Daily activity on Wed Oct 15 06:16:29 UTC 2025
Daily activity on Thu Oct 16 06:16:37 UTC 2025
Daily activity on Fri Oct 17 06:15:59 UTC 2025
Daily activity on Sat Oct 18 06:14:19 UTC 2025
Daily activity on Sun Oct 19 06:15:03 UTC 2025
Daily activity on Mon Oct 20 06:17:12 UTC 2025
Daily activity on Tue Oct 21 06:16:50 UTC 2025
Daily activity on Wed Oct 22 06:16:55 UTC 2025
Daily activity on Thu Oct 23 06:16:31 UTC 2025
Daily activity on Fri Oct 24 06:15:50 UTC 2025
Daily activity on Sat Oct 25 06:14:17 UTC 2025
Daily activity on Sun Oct 26 06:14:36 UTC 2025
Daily activity on Mon Oct 27 06:18:24 UTC 2025
Daily activity on Tue Oct 28 06:17:12 UTC 2025
Daily activity on Wed Oct 29 06:17:22 UTC 2025
Daily activity on Thu Oct 30 06:16:22 UTC 2025
Daily activity on Fri Oct 31 06:16:46 UTC 2025
Daily activity on Sat Nov  1 06:14:36 UTC 2025
Daily activity on Sun Nov  2 06:15:28 UTC 2025
Daily activity on Mon Nov  3 06:17:58 UTC 2025
Daily activity on Tue Nov  4 06:17:21 UTC 2025
Daily activity on Wed Nov  5 06:17:17 UTC 2025
Daily activity on Thu Nov  6 06:17:24 UTC 2025
Daily activity on Fri Nov  7 06:17:14 UTC 2025
Daily activity on Sat Nov  8 06:14:52 UTC 2025
Daily activity on Sun Nov  9 06:15:08 UTC 2025
Daily activity on Mon Nov 10 06:18:34 UTC 2025
Daily activity on Tue Nov 11 06:17:33 UTC 2025
Daily activity on Wed Nov 12 06:17:21 UTC 2025
Daily activity on Thu Nov 13 06:17:48 UTC 2025
Daily activity on Fri Nov 14 06:17:22 UTC 2025
Daily activity on Sat Nov 15 06:15:29 UTC 2025
Daily activity on Sun Nov 16 06:15:30 UTC 2025
Daily activity on Mon Nov 17 06:18:02 UTC 2025
Daily activity on Tue Nov 18 06:17:07 UTC 2025
Daily activity on Wed Nov 19 06:16:46 UTC 2025
Daily activity on Thu Nov 20 06:16:44 UTC 2025
Daily activity on Fri Nov 21 06:17:30 UTC 2025
Daily activity on Sat Nov 22 06:14:51 UTC 2025
Daily activity on Sun Nov 23 06:15:28 UTC 2025
Daily activity on Mon Nov 24 06:18:10 UTC 2025
Daily activity on Tue Nov 25 06:17:53 UTC 2025
Daily activity on Wed Nov 26 06:17:37 UTC 2025
Daily activity on Thu Nov 27 06:18:12 UTC 2025
Daily activity on Fri Nov 28 06:18:09 UTC 2025
Daily activity on Sat Nov 29 06:15:41 UTC 2025
Daily activity on Sun Nov 30 06:16:35 UTC 2025
Daily activity on Mon Dec  1 06:19:17 UTC 2025
Daily activity on Tue Dec  2 06:18:49 UTC 2025
Daily activity on Wed Dec  3 06:18:25 UTC 2025
Daily activity on Thu Dec  4 06:17:59 UTC 2025
Daily activity on Fri Dec  5 06:18:13 UTC 2025
Daily activity on Sat Dec  6 06:15:46 UTC 2025
Daily activity on Sun Dec  7 06:15:31 UTC 2025
Daily activity on Mon Dec  8 06:19:58 UTC 2025
Daily activity on Tue Dec  9 06:18:38 UTC 2025
Daily activity on Wed Dec 10 06:18:57 UTC 2025
Daily activity on Thu Dec 11 06:19:23 UTC 2025
Daily activity on Fri Dec 12 06:19:00 UTC 2025
Daily activity on Sat Dec 13 06:16:19 UTC 2025
Daily activity on Sun Dec 14 06:16:45 UTC 2025
Daily activity on Mon Dec 15 06:20:19 UTC 2025
Daily activity on Tue Dec 16 06:19:04 UTC 2025
Daily activity on Wed Dec 17 06:18:46 UTC 2025
Daily activity on Thu Dec 18 06:18:41 UTC 2025
Daily activity on Fri Dec 19 06:18:14 UTC 2025
Daily activity on Sat Dec 20 06:17:46 UTC 2025
Daily activity on Sun Dec 21 06:17:15 UTC 2025
Daily activity on Mon Dec 22 06:19:54 UTC 2025
Daily activity on Tue Dec 23 06:19:07 UTC 2025
Daily activity on Wed Dec 24 06:19:14 UTC 2025
Daily activity on Thu Dec 25 06:18:46 UTC 2025
Daily activity on Fri Dec 26 06:18:30 UTC 2025
Daily activity on Sat Dec 27 06:17:34 UTC 2025
Daily activity on Sun Dec 28 06:17:39 UTC 2025
Daily activity on Mon Dec 29 06:20:57 UTC 2025
Daily activity on Tue Dec 30 06:18:56 UTC 2025
Daily activity on Wed Dec 31 06:19:08 UTC 2025
Daily activity on Thu Jan  1 06:19:20 UTC 2026
Daily activity on Fri Jan  2 06:19:18 UTC 2026
Daily activity on Sat Jan  3 06:17:39 UTC 2026
Daily activity on Sun Jan  4 06:17:47 UTC 2026
Daily activity on Mon Jan  5 06:24:33 UTC 2026
Daily activity on Tue Jan  6 06:19:25 UTC 2026
Daily activity on Wed Jan  7 06:19:17 UTC 2026
Daily activity on Thu Jan  8 06:19:24 UTC 2026
Daily activity on Fri Jan  9 06:19:11 UTC 2026
Daily activity on Sat Jan 10 06:17:10 UTC 2026
Daily activity on Sun Jan 11 06:17:59 UTC 2026
Daily activity on Mon Jan 12 06:22:16 UTC 2026
Daily activity on Tue Jan 13 06:19:15 UTC 2026
Daily activity on Wed Jan 14 06:23:30 UTC 2026
Daily activity on Thu Jan 15 06:19:28 UTC 2026
Daily activity on Fri Jan 16 06:19:39 UTC 2026
Daily activity on Sat Jan 17 06:17:24 UTC 2026
Daily activity on Sun Jan 18 06:18:02 UTC 2026
